2016-04-07 09:21:46,159 INFO Start [main] Waiting for new client connections
2016-04-07 09:21:46,421 DEBUG Start [main] Reading data from cache
2016-04-07 09:21:46,583 ERROR Start [main] Reading new events from database
2016-04-07 09:21:46,585 ERROR Start [main] Closed client connection
2016-04-07 09:21:47,318 ERROR Start [main] Reading new events from database
2016-04-07 09:21:47,410 DEBUG Start [main] enabled rest interface on port 1422
2016-04-07 09:21:47,860 INFO Start [main] new client registered
2016-04-07 09:21:48,318 INFO Start [main] enabled rest interface on port 1422
2016-04-07 09:21:48,810 ERROR Start [main] new client registered
2016-04-07 09:21:49,052 DEBUG Start [main] Waiting for new client connections
2016-04-07 09:21:49,116 DEBUG Start [main] Closed client connection
2016-04-07 09:21:49,618 INFO Start [main] Closed client connection
2016-04-07 09:21:49,631 INFO Start [main] Reading new events from database
2016-04-07 09:21:49,941 ERROR Start [main] Closed client connection
2016-04-07 09:21:50,784 DEBUG Start [main] enabled rest interface on port 1422
2016-04-07 09:21:51,768 ERROR Start [main] Reading data from cache
2016-04-07 09:21:52,474 DEBUG Start [main] Writing data into cache
2016-04-07 09:21:53,014 DEBUG Start [main] new client registered
2016-04-07 09:21:53,429 ERROR Start [main] Closed client connection
2016-04-07 09:21:54,059 DEBUG Start [main] Closed client connection
2016-04-07 09:21:54,332 DEBUG Start [main] enabled rest interface on port 1422
2016-04-07 09:21:54,356 ERROR Start [main] Pushing new events to database
2016-04-07 09:21:54,807 INFO Start [main] Reading data from cache
2016-04-07 09:21:55,018 ERROR Start [main] Reading new events from database
2016-04-07 09:21:55,049 ERROR Start [main] Waiting for new client connections
2016-04-07 09:21:55,125 INFO Start [main] Pushing new events to database
2016-04-07 09:21:55,256 DEBUG Start [main] Writing data into cache
2016-04-07 09:21:55,581 INFO Start [main] disabled rest interface due to heavy load
2016-04-07 09:21:55,960 INFO Start [main] Writing data into cache
2016-04-07 09:21:56,685 INFO Start [main] enabled rest interface on port 1422
2016-04-07 09:21:57,160 INFO Start [main] new client registered
2016-04-07 09:21:57,241 DEBUG Start [main] Pushing new events to database
2016-04-07 09:21:57,332 INFO Start [main] deployed new plugin
2016-04-07 09:22:45,357 DEBUG Start [main] enabled rest interface on port 1422
2016-04-07 09:22:45,576 DEBUG Start [main] deployed new plugin
2016-04-07 09:22:45,977 ERROR Start [main] Reading new events from database
2016-04-07 09:22:46,428 DEBUG Start [main] Closed client connection
2016-04-07 09:22:46,673 ERROR Start [main] Reading new events from database
2016-04-07 09:22:47,039 INFO Start [main] enabled rest interface on port 1422
2016-04-07 09:22:47,124 INFO Start [main] new client registered
2016-04-07 09:22:47,463 INFO Start [main] Reading data from cache
2016-04-07 09:22:47,771 ERROR Start [main] Reading new events from database
2016-04-07 09:22:48,736 DEBUG Start [main] deployed new plugin
2016-04-07 09:22:48,971 INFO Start [main] Waiting for new client connections
2016-04-07 09:22:49,169 ERROR Start [main] Reading data from cache
2016-04-07 09:22:49,593 DEBUG Start [main] Closed client connection
2016-04-07 09:22:49,886 ERROR Start [main] Reading new events from database
2016-04-07 09:22:50,004 DEBUG Start [main] new client registered
2016-04-07 09:22:50,776 ERROR Start [main] Reading new events from database
2016-04-07 09:22:50,907 DEBUG Start [main] Reading data from cache
2016-04-07 09:22:51,291 ERROR Start [main] Waiting for new client connections
2016-04-07 09:22:51,359 DEBUG Start [main] Pushing new events to database
2016-04-07 09:22:51,551 ERROR Start [main] disabled rest interface due to heavy load
2016-04-07 09:22:51,941 DEBUG Start [main] Reading data from cache
2016-04-07 09:22:52,265 DEBUG Start [main] Waiting for new client connections
2016-04-07 09:22:52,292 DEBUG Start [main] deployed new plugin
2016-04-07 09:22:52,611 DEBUG Start [main] disabled rest interface due to heavy load
2016-04-07 09:22:52,630 INFO Start [main] enabled rest interface on port 1422
2016-04-07 09:22:53,346 DEBUG Start [main] new client registered
2016-04-07 09:22:53,823 DEBUG Start [main] Reading new events from database
2016-04-07 09:22:54,234 DEBUG Start [main] Waiting for new client connections
2016-04-07 09:22:54,593 DEBUG Start [main] Writing data into cache
2016-04-07 09:22:54,734 DEBUG Start [main] Reading new events from database
2016-04-07 09:22:54,906 DEBUG Start [main] deployed new plugin
2016-04-07 09:22:55,501 DEBUG Start [main] Closed client connection
2016-04-07 09:22:55,776 INFO Start [main] Writing data into cache
2016-04-07 09:22:55,953 INFO Start [main] enabled rest interface on port 1422
2016-04-07 09:22:56,289 INFO Start [main] disabled rest interface due to heavy load
2016-04-07 09:22:56,567 INFO Start [main] Waiting for new client connections
